<?xml version="1.0" encoding="UTF-8"?>
<!-- Generated by org.testng.reporters.JUnitReportReporter -->
<testsuite hostname="Ganeshas-laptop" failures="0" tests="3" name="jiomartproject.jiomart" time="161.909" errors="0" timestamp="2022-11-14T15:14:49 IST" skipped="0">
  <testcase classname="jiomartproject.jiomart" name="homepagesearch" time="33.661"/>
  <system-out/>
  <testcase classname="jiomartproject.jiomart" name="alloffers" time="81.233"/>
  <system-out/>
  <testcase classname="jiomartproject.jiomart" name="instock" time="47.015"/>
  <system-out/>
</testsuite> <!-- jiomartproject.jiomart -->
